<?xml version="1.0" encoding="UTF-8"?>
<!-- Generated by org.testng.reporters.JUnitReportReporter -->
<testsuite skipped="0" hostname="Vishnus-MacBook-Pro.local" name="AppTest.com.vishnu.app.BaseTest" tests="1" failures="0" timestamp="07 Dec 2018 08:05:29 GMT" time="51.580" errors="0">
  <testcase name="scheduleAvailability" time="51.580" classname="AppTest.com.vishnu.app.BaseTest"/>
</testsuite> <!-- AppTest.com.vishnu.app.BaseTest -->
