<?xml version="1.0" encoding="UTF-8"?>
<!-- Generated by org.testng.reporters.JUnitReportReporter -->
<testsuite skipped="0" hostname="Vishnus-MacBook-Pro.local" name="AppTest.com.vishnu.app.AppTest" tests="1" failures="0" timestamp="07 Dec 2018 02:22:57 GMT" time="20.008" errors="0">
  <testcase name="scheduleAvailability" time="20.008" classname="AppTest.com.vishnu.app.AppTest"/>
</testsuite> <!-- AppTest.com.vishnu.app.AppTest -->
