<?xml version="1.0" encoding="UTF-8"?>
<!-- Generated by org.testng.reporters.JUnitReportReporter -->
<testsuite skipped="0" hostname="Vishnus-MacBook-Pro.local" name="AppTest.com.vishnu.app.TestRunner" tests="3" failures="0" timestamp="06 Mar 2019 13:44:32 GMT" time="17.600" errors="0">
  <testcase name="runScenario" time="17.594" classname="AppTest.com.vishnu.app.TestRunner"/>
  <testcase name="runScenario" time="0.004" classname="AppTest.com.vishnu.app.TestRunner"/>
  <testcase name="runScenario" time="0.002" classname="AppTest.com.vishnu.app.TestRunner"/>
</testsuite> <!-- AppTest.com.vishnu.app.TestRunner -->
