<?xml version="1.0" encoding="UTF-8"?>
<!-- Generated by org.testng.reporters.JUnitReportReporter -->
<testsuite skipped="0" hostname="Vishnus-MacBook-Pro.local" name="AppTest.com.vishnu.app.BaseTest2" tests="1" failures="0" timestamp="08 Jan 2019 07:09:16 GMT" time="17.144" errors="1">
  <testcase name="preceptorAccept" time="17.144" classname="AppTest.com.vishnu.app.BaseTest2">
    <error type="org.openqa.selenium.WebDriverException" message="An unknown server-side error occurred while processing the command. Original error: Could not proxy command to remote server. Original error: Error: connect ECONNREFUSED 127.0.0.1:8200 (WARNING: The server did not provide any stacktrace information)
Command duration or timeout: 12 milliseconds
Build info: version: &#039;2.53.1&#039;, revision: &#039;a36b8b1cd5757287168e54b817830adce9b0158d&#039;, time: &#039;2016-06-30 19:26:09&#039;
System info: host: &#039;Vishnus-MacBook-Pro.local&#039;, ip: &#039;192.168.1.4&#039;, os.name: &#039;Mac OS X&#039;, os.arch: &#039;x86_64&#039;, os.version: &#039;10.13.6&#039;, java.version: &#039;1.8.0_191&#039;
Driver info: io.appium.java_client.android.AndroidDriver
Capabilities [{appPackage=com.hfn.unified, statBarHeight=48, viewportRect={top=48, left=0, width=720, height=1232}, deviceName=N7LBGYJZ8H659DTG, platform=LINUX, deviceUDID=N7LBGYJZ8H659DTG, desired={app=/Users/vishnu/Downloads/hfn-app-0.9.29-release.apk, appPackage=com.hfn.unified, appActivity=com.hfn.unified.view.splash.SplashActivity, automationName=uiautomator2, udid=N7LBGYJZ8H659DTG, platformName=Android, deviceName=Gionee}, platformVersion=6.0, webStorageEnabled=false, automationName=uiautomator2, takesScreenshot=true, javascriptEnabled=true, udid=N7LBGYJZ8H659DTG, platformName=Android, deviceManufacturer=GIONEE, deviceApiLevel=23, app=/Users/vishnu/Downloads/hfn-app-0.9.29-release.apk, deviceScreenSize=720x1280, networkConnectionEnabled=true, warnings={}, databaseEnabled=false, appActivity=com.hfn.unified.view.splash.SplashActivity, pixelRatio=2, locationContextEnabled=false, deviceScreenDensity=320, deviceModel=F103 Pro}]
Session ID: 2fd02c11-fd4f-4600-93d1-f2200347193a
*** Element info: {Using=id, value=com.hfn.unified:id/profile_image}">
      <![CDATA[org.openqa.selenium.WebDriverException: An unknown server-side error occurred while processing the command. Original error: Could not proxy command to remote server. Original error: Error: connect ECONNREFUSED 127.0.0.1:8200 (WARNING: The server did not provide any stacktrace information)
Command duration or timeout: 12 milliseconds
Build info: version: '2.53.1', revision: 'a36b8b1cd5757287168e54b817830adce9b0158d', time: '2016-06-30 19:26:09'
System info: host: 'Vishnus-MacBook-Pro.local', ip: '192.168.1.4', os.name: 'Mac OS X', os.arch: 'x86_64', os.version: '10.13.6', java.version: '1.8.0_191'
Driver info: io.appium.java_client.android.AndroidDriver
Capabilities [{appPackage=com.hfn.unified, statBarHeight=48, viewportRect={top=48, left=0, width=720, height=1232}, deviceName=N7LBGYJZ8H659DTG, platform=LINUX, deviceUDID=N7LBGYJZ8H659DTG, desired={app=/Users/vishnu/Downloads/hfn-app-0.9.29-release.apk, appPackage=com.hfn.unified, appActivity=com.hfn.unified.view.splash.SplashActivity, automationName=uiautomator2, udid=N7LBGYJZ8H659DTG, platformName=Android, deviceName=Gionee}, platformVersion=6.0, webStorageEnabled=false, automationName=uiautomator2, takesScreenshot=true, javascriptEnabled=true, udid=N7LBGYJZ8H659DTG, platformName=Android, deviceManufacturer=GIONEE, deviceApiLevel=23, app=/Users/vishnu/Downloads/hfn-app-0.9.29-release.apk, deviceScreenSize=720x1280, networkConnectionEnabled=true, warnings={}, databaseEnabled=false, appActivity=com.hfn.unified.view.splash.SplashActivity, pixelRatio=2, locationContextEnabled=false, deviceScreenDensity=320, deviceModel=F103 Pro}]
Session ID: 2fd02c11-fd4f-4600-93d1-f2200347193a
*** Element info: {Using=id, value=com.hfn.unified:id/profile_image}
at sun.reflect.NativeConstructorAccessorImpl.newInstance0(Native Method)
at sun.reflect.NativeConstructorAccessorImpl.newInstance(NativeConstructorAccessorImpl.java:62)
at sun.reflect.DelegatingConstructorAccessorImpl.newInstance(DelegatingConstructorAccessorImpl.java:45)
at java.lang.reflect.Constructor.newInstance(Constructor.java:423)
at org.openqa.selenium.remote.ErrorHandler.createThrowable(ErrorHandler.java:206)
at org.openqa.selenium.remote.ErrorHandler.throwIfResponseFailed(ErrorHandler.java:158)
at org.openqa.selenium.remote.RemoteWebDriver.execute(RemoteWebDriver.java:678)
at io.appium.java_client.DefaultGenericMobileDriver.execute(DefaultGenericMobileDriver.java:40)
at io.appium.java_client.AppiumDriver.execute(AppiumDriver.java:1)
at io.appium.java_client.android.AndroidDriver.execute(AndroidDriver.java:1)
at org.openqa.selenium.remote.RemoteWebDriver.findElement(RemoteWebDriver.java:363)
at io.appium.java_client.DefaultGenericMobileDriver.findElement(DefaultGenericMobileDriver.java:56)
at io.appium.java_client.AppiumDriver.findElement(AppiumDriver.java:1)
at io.appium.java_client.android.AndroidDriver.findElement(AndroidDriver.java:1)
at org.openqa.selenium.remote.RemoteWebDriver.findElementById(RemoteWebDriver.java:413)
at io.appium.java_client.DefaultGenericMobileDriver.findElementById(DefaultGenericMobileDriver.java:64)
at io.appium.java_client.AppiumDriver.findElementById(AppiumDriver.java:1)
at io.appium.java_client.android.AndroidDriver.findElementById(AndroidDriver.java:1)
at org.openqa.selenium.By$ById.findElement(By.java:218)
at org.openqa.selenium.remote.RemoteWebDriver.findElement(RemoteWebDriver.java:355)
at io.appium.java_client.DefaultGenericMobileDriver.findElement(DefaultGenericMobileDriver.java:52)
at io.appium.java_client.AppiumDriver.findElement(AppiumDriver.java:1)
at io.appium.java_client.android.AndroidDriver.findElement(AndroidDriver.java:1)
at org.openqa.selenium.support.ui.ExpectedConditions.findElement(ExpectedConditions.java:899)
at org.openqa.selenium.support.ui.ExpectedConditions.access$000(ExpectedConditions.java:41)
at org.openqa.selenium.support.ui.ExpectedConditions$7.apply(ExpectedConditions.java:205)
at org.openqa.selenium.support.ui.ExpectedConditions$7.apply(ExpectedConditions.java:201)
at org.openqa.selenium.support.ui.ExpectedConditions$22.apply(ExpectedConditions.java:653)
at org.openqa.selenium.support.ui.ExpectedConditions$22.apply(ExpectedConditions.java:646)
at org.openqa.selenium.support.ui.FluentWait.until(FluentWait.java:238)
at AppTest.com.vishnu.app.BaseTest2.click(BaseTest2.java:263)
at AppTest.com.vishnu.app.BaseTest2.preceptorAccept(BaseTest2.java:73)
at sun.reflect.NativeMethodAccessorImpl.invoke0(Native Method)
at sun.reflect.NativeMethodAccessorImpl.invoke(NativeMethodAccessorImpl.java:62)
at sun.reflect.DelegatingMethodAccessorImpl.invoke(DelegatingMethodAccessorImpl.java:43)
at java.lang.reflect.Method.invoke(Method.java:498)
at org.testng.internal.MethodInvocationHelper.invokeMethod(MethodInvocationHelper.java:124)
at org.testng.internal.Invoker.invokeMethod(Invoker.java:580)
at org.testng.internal.Invoker.invokeTestMethod(Invoker.java:716)
at org.testng.internal.Invoker.invokeTestMethods(Invoker.java:988)
at org.testng.internal.TestMethodWorker.invokeTestMethods(TestMethodWorker.java:125)
at org.testng.internal.TestMethodWorker.run(TestMethodWorker.java:109)
at java.util.concurrent.ThreadPoolExecutor.runWorker(ThreadPoolExecutor.java:1149)
at java.util.concurrent.ThreadPoolExecutor$Worker.run(ThreadPoolExecutor.java:624)
at java.lang.Thread.run(Thread.java:748)
]]>
    </error>
  </testcase> <!-- preceptorAccept -->
</testsuite> <!-- AppTest.com.vishnu.app.BaseTest2 -->
